<?xml version="1.0" encoding="UTF-8"?>
<testng-results ignored="0" total="1" passed="1" failed="0" skipped="0">
  <reporter-output>
  </reporter-output>
  <suite started-at="2023-07-08T02:16:41 IST" name="Suite" finished-at="2023-07-08T02:16:56 IST" duration-ms="14695">
    <groups>
    </groups>
    <test started-at="2023-07-08T02:16:41 IST" name="Test" finished-at="2023-07-08T02:16:56 IST" duration-ms="14695">
      <class name="com.testautomation.apitesting.tests.AllureReportGeneration">
        <test-method is-config="true" signature="beforeMethod()[pri:0, instance:com.testautomation.apitesting.tests.AllureReportGeneration@652a7737]" started-at="2023-07-08T02:16:41 IST" name="beforeMethod" finished-at="2023-07-08T02:16:41 IST" duration-ms="21" status="PASS">
          <reporter-output>
          </reporter-output>
        </test-method> <!-- beforeMethod -->
        <test-method signature="postAPIRequest()[pri:0, instance:com.testautomation.apitesting.tests.AllureReportGeneration@652a7737]" started-at="2023-07-08T02:16:42 IST" name="postAPIRequest" description="end to end testing" finished-at="2023-07-08T02:16:56 IST" duration-ms="14409" status="PASS">
          <reporter-output>
          </reporter-output>
        </test-method> <!-- postAPIRequest -->
        <test-method is-config="true" signature="afterMethod(org.testng.ITestResult)[pri:0, instance:com.testautomation.apitesting.tests.AllureReportGeneration@652a7737]" started-at="2023-07-08T02:16:56 IST" name="afterMethod" finished-at="2023-07-08T02:16:56 IST" duration-ms="5" status="PASS">
          <params>
            <param index="0">
              <value>
                <![CDATA[[TestResult name=postAPIRequest status=SUCCESS method=AllureReportGeneration.postAPIRequest()[pri:0, instance:com.testautomation.apitesting.tests.AllureReportGeneration@652a7737] output={null}]]]>
              </value>
            </param>
          </params>
          <reporter-output>
          </reporter-output>
        </test-method> <!-- afterMethod -->
      </class> <!-- com.testautomation.apitesting.tests.AllureReportGeneration -->
    </test> <!-- Test -->
  </suite> <!-- Suite -->
</testng-results>
